<?xml version="1.0" encoding="UTF-8"?>
<!-- Generated by org.testng.reporters.JUnitReportReporter -->
<testsuite hostname="ACSS-LTP151" failures="0" tests="3" name="test_case.AddUser" time="40.289" errors="0" timestamp="2024-12-05T15:24:54 PST" skipped="0">
  <testcase classname="test_case.AddUser" name="CreateUser" time="22.175"/>
  <testcase classname="test_case.AddUser" name="Logout" time="1.672"/>
  <testcase classname="test_case.AddUser" name="reloginUser" time="16.442"/>
</testsuite> <!-- test_case.AddUser -->
