<?xml version="1.0" encoding="UTF-8"?>
<!-- Generated by org.testng.reporters.JUnitReportReporter -->
<testsuite hostname="ACSS-LTP151" failures="0" tests="3" name="test_case.TC001" time="65.546" errors="0" timestamp="2024-12-05T09:01:35 PST" skipped="0">
  <testcase classname="test_case.TC001" name="AddUser" time="31.341"/>
  <testcase classname="test_case.TC001" name="Logout" time="6.707"/>
  <testcase classname="test_case.TC001" name="reloginUser" time="27.498"/>
</testsuite> <!-- test_case.TC001 -->
