<?xml version="1.0" encoding="UTF-8"?>
<!-- Generated by org.testng.reporters.JUnitReportReporter -->
<testsuite hostname="ACSS-LTP151" failures="0" tests="3" name="test_case.ChangePassword" time="30.775" errors="0" timestamp="2024-12-06T13:52:32 PST" skipped="0">
  <testcase classname="test_case.ChangePassword" name="changePass" time="11.367"/>
  <testcase classname="test_case.ChangePassword" name="Logout" time="5.630"/>
  <testcase classname="test_case.ChangePassword" name="reloginUser" time="13.778"/>
</testsuite> <!-- test_case.ChangePassword -->
