<?xml version="1.0" encoding="UTF-8"?>
<!-- Generated by org.testng.reporters.JUnitReportReporter -->
<testsuite hostname="ACSS-LTP151" failures="0" tests="3" name="test_case.ChangePassword" time="17.278" errors="0" timestamp="2024-12-06T11:01:30 PST" skipped="0">
  <testcase classname="test_case.ChangePassword" name="changePass" time="6.779"/>
  <testcase classname="test_case.ChangePassword" name="Logout" time="2.260"/>
  <testcase classname="test_case.ChangePassword" name="reloginUser" time="8.239"/>
</testsuite> <!-- test_case.ChangePassword -->
