<?xml version="1.0" encoding="UTF-8"?>
<!-- Generated by org.testng.reporters.JUnitReportReporter -->
<testsuite hostname="ACSS-LTP151" failures="0" tests="3" name="test_case.TC001" time="27.730" errors="0" timestamp="2024-12-03T09:21:22 PST" skipped="0">
  <testcase classname="test_case.TC001" name="AddUser" time="18.891"/>
  <testcase classname="test_case.TC001" name="Logout" time="0.757"/>
  <testcase classname="test_case.TC001" name="reloginUser" time="8.082"/>
</testsuite> <!-- test_case.TC001 -->
