<?xml version="1.0" encoding="UTF-8"?>
<!-- Generated by org.testng.reporters.JUnitReportReporter -->
<testsuite hostname="ACSS-LTP151" failures="0" tests="3" name="test_case.EditUser" time="28.702" errors="0" timestamp="2024-12-06T09:16:49 PST" skipped="0">
  <testcase classname="test_case.EditUser" name="EditDetails" time="13.080"/>
  <testcase classname="test_case.EditUser" name="Logout" time="0.807"/>
  <testcase classname="test_case.EditUser" name="reloginUser" time="14.815"/>
</testsuite> <!-- test_case.EditUser -->
