<?xml version="1.0" encoding="UTF-8"?>
<!-- Generated by org.testng.reporters.JUnitReportReporter -->
<testsuite hostname="ACSS-LTP151" failures="0" tests="3" name="test_case.AddUser" time="35.806" errors="0" timestamp="2024-12-06T13:54:13 PST" skipped="0">
  <testcase classname="test_case.AddUser" name="CreateUser" time="23.069"/>
  <testcase classname="test_case.AddUser" name="Logout" time="0.688"/>
  <testcase classname="test_case.AddUser" name="reloginUser" time="12.049"/>
</testsuite> <!-- test_case.AddUser -->
