<?xml version="1.0" encoding="UTF-8"?>
<!-- Generated by org.testng.reporters.JUnitReportReporter -->
<testsuite hostname="ACSS-LTP151" failures="0" tests="3" name="test_case.EditUser" time="25.638" errors="0" timestamp="2024-12-06T14:42:51 PST" skipped="0">
  <testcase classname="test_case.EditUser" name="EditDetails" time="15.579"/>
  <testcase classname="test_case.EditUser" name="Logout" time="1.443"/>
  <testcase classname="test_case.EditUser" name="reloginUser" time="8.616"/>
</testsuite> <!-- test_case.EditUser -->
