<?xml version="1.0" encoding="UTF-8"?>
<!-- Generated by org.testng.reporters.JUnitReportReporter -->
<testsuite hostname="ACSS-LTP151" failures="0" tests="3" name="test_case.ChangePassword" time="8.885" errors="0" timestamp="2024-12-06T10:31:40 PST" skipped="0">
  <testcase classname="test_case.ChangePassword" name="changePass" time="1.643"/>
  <testcase classname="test_case.ChangePassword" name="Logout" time="1.177"/>
  <testcase classname="test_case.ChangePassword" name="reloginUser" time="6.065"/>
</testsuite> <!-- test_case.ChangePassword -->
